<?xml version="1.0" encoding="UTF-8"?>
<testng-results ignored="0" total="1" passed="1" failed="0" skipped="0">
  <reporter-output>
  </reporter-output>
  <suite started-at="2023-08-01T16:59:52 IST" name="Suite" finished-at="2023-08-01T17:00:28 IST" duration-ms="36540">
    <groups>
    </groups>
    <test started-at="2023-08-01T16:59:52 IST" name="Test" finished-at="2023-08-01T17:00:28 IST" duration-ms="36540">
      <class name="tests.SearchCustomer">
        <test-method is-config="true" signature="launchApp()[pri:0, instance:tests.SearchCustomer@6ea2bc93]" started-at="2023-08-01T16:59:52 IST" name="launchApp" finished-at="2023-08-01T16:59:59 IST" duration-ms="7709" status="PASS">
          <reporter-output>
          </reporter-output>
        </test-method> <!-- launchApp -->
        <test-method signature="searchCustomerbyEmail(java.lang.String,java.lang.String,java.lang.String,java.lang.String,java.lang.String)[pri:0, instance:tests.SearchCustomer@6ea2bc93]" started-at="2023-08-01T16:59:59 IST" name="searchCustomerbyEmail" data-provider="smokeTestData" finished-at="2023-08-01T17:00:23 IST" duration-ms="23615" status="PASS">
          <params>
            <param index="0">
              <value>
                <![CDATA[https://admin-demo.nopcommerce.com/login]]>
              </value>
            </param>
            <param index="1">
              <value>
                <![CDATA[admin@yourstore.com]]>
              </value>
            </param>
            <param index="2">
              <value>
                <![CDATA[admin]]>
              </value>
            </param>
            <param index="3">
              <value>
                <![CDATA[victoria_victoria@nopCommerce.com]]>
              </value>
            </param>
            <param index="4">
              <value>
                <![CDATA[victoria_victoria@nopCommerce.com]]>
              </value>
            </param>
          </params>
          <reporter-output>
          </reporter-output>
        </test-method> <!-- searchCustomerbyEmail -->
        <test-method is-config="true" signature="closingApp()[pri:0, instance:tests.SearchCustomer@6ea2bc93]" started-at="2023-08-01T17:00:23 IST" name="closingApp" finished-at="2023-08-01T17:00:28 IST" duration-ms="5199" status="PASS">
          <reporter-output>
          </reporter-output>
        </test-method> <!-- closingApp -->
      </class> <!-- tests.SearchCustomer -->
    </test> <!-- Test -->
  </suite> <!-- Suite -->
</testng-results>
